<?xml version="1.0" encoding="UTF-8"?>
<!-- Generated by org.testng.reporters.JUnitXMLReporter -->
<testsuite ignored="0" hostname="DESKTOP-HO149AT" failures="0" tests="2" name="Test" time="14.251" errors="0" timestamp="2023-03-07T12:16:20 IST">
  <testcase classname="com.SauceDemo.Base.VerifyLoginOfSDPositive" name="loginPositiveScenario" time="1.411"/>
  <testcase classname="com.SauceDemo.Base.VerifyLoginOfSDNegative" name="loginNegativeScenario" time="0.736"/>
</testsuite> <!-- Test -->
