<?xml version="1.0" encoding="UTF-8"?>
<!-- Generated by org.testng.reporters.JUnitXMLReporter -->
<testsuite ignored="0" hostname="DESKTOP-HO149AT" failures="0" tests="2" name="Brouser" time="0.072" errors="0" timestamp="2023-03-07T13:10:05 IST">
  <testcase classname="com.SauceDemo.Base.SauceDemoBaseClass0" name="@BeforeMethod urlOpen" time="-1.678174805056E9">
    <failure type="org.testng.TestNGException" message="
Parameter &amp;apos;BrouserName&amp;apos; is required by BeforeMethod on method urlOpen but has not been marked @Optional or defined
in D:\15 oct class\eclipse-workspace\SauceDemoProject\testng.xml">
      <![CDATA[org.testng.TestNGException: 
Parameter 'BrouserName' is required by BeforeMethod on method urlOpen but has not been marked @Optional or defined
in D:\15 oct class\eclipse-workspace\SauceDemoProject\testng.xml
at java.base/java.util.concurrent.ThreadPoolExecutor.runWorker(ThreadPoolExecutor.java:1144)
at java.base/java.util.concurrent.ThreadPoolExecutor$Worker.run(ThreadPoolExecutor.java:642)
at java.base/java.lang.Thread.run(Thread.java:1589)
... Removed 13 stack frames]]>
    </failure>
  </testcase> <!-- @BeforeMethod urlOpen -->
  <testcase classname="com.SauceDemo.Base.SauceDemoBaseClass0" name="@BeforeMethod urlOpen" time="-1.678174805057E9">
    <failure type="org.testng.TestNGException" message="
Parameter &amp;apos;BrouserName&amp;apos; is required by BeforeMethod on method urlOpen but has not been marked @Optional or defined
in D:\15 oct class\eclipse-workspace\SauceDemoProject\testng.xml">
      <![CDATA[org.testng.TestNGException: 
Parameter 'BrouserName' is required by BeforeMethod on method urlOpen but has not been marked @Optional or defined
in D:\15 oct class\eclipse-workspace\SauceDemoProject\testng.xml
at java.base/java.util.concurrent.ThreadPoolExecutor.runWorker(ThreadPoolExecutor.java:1144)
at java.base/java.util.concurrent.ThreadPoolExecutor$Worker.run(ThreadPoolExecutor.java:642)
at java.base/java.lang.Thread.run(Thread.java:1589)
... Removed 13 stack frames]]>
    </failure>
  </testcase> <!-- @BeforeMethod urlOpen -->
  <testcase classname="com.SauceDemo.Base.SauceDemoBaseClass0" name="@AfterMethod closePage" time="-1.678174805082E9">
    <skipped/>
  </testcase> <!-- @AfterMethod closePage -->
  <testcase classname="com.SauceDemo.Base.SauceDemoBaseClass0" name="@AfterMethod closePage" time="-1.678174805108E9">
    <skipped/>
  </testcase> <!-- @AfterMethod closePage -->
  <testcase classname="com.SauceDemo.Base.VerifyLoginOfSDPositive" name="loginPositiveScenario" time="0.0">
    <skipped/>
  </testcase> <!-- loginPositiveScenario -->
  <testcase classname="com.SauceDemo.Base.VerifyLoginOfSDNegative" name="loginNegativeScenario" time="0.0">
    <skipped/>
  </testcase> <!-- loginNegativeScenario -->
</testsuite> <!-- Brouser -->
