<?xml version="1.0" encoding="UTF-8"?>
<!-- Generated by org.testng.reporters.JUnitXMLReporter -->
<testsuite ignored="0" hostname="DESKTOP-HO149AT" failures="0" tests="19" name="ChromeBrouser" time="153.801" errors="0" timestamp="2023-03-07T15:00:23 IST">
  <testcase classname="com.SauceDemo.Base.VerifyAcceptedUsernamesTextOnLoginPage" name="VerifyLoginTextId" time="0.088"/>
  <testcase classname="com.SauceDemo.Base.VerifyLoginOfSDPositive" name="loginPositiveScenario" time="1.095"/>
  <testcase classname="com.SauceDemo.Base.VerifyLoginOfSDNegative" name="loginNegativeScenario" time="0.642"/>
  <testcase classname="com.SauceDemo.Base.VerifyHomePageTitle" name="verifyHomePageTitle" time="0.15"/>
  <testcase classname="com.SauceDemo.Base.VerifySettingBtnAndSettingOptionText" name="VerifySettingBtnAndSettingOptionText" time="2.702"/>
  <testcase classname="com.SauceDemo.Base.VerifyHomePageProductsNameOfSD" name="productNameVerification" time="1.283"/>
  <testcase classname="com.SauceDemo.Base.VerifyHomePageProductsPriceOfSD" name="productPriceVerification" time="0.341"/>
  <testcase classname="com.SauceDemo.Base.VerifyProductsAddToCartBackToProductBTN" name="addToCart" time="2.963"/>
  <testcase classname="com.SauceDemo.Base.VerifyCheckOutBtnCheckOutDataContinueBtnFinishBtnBackHomeBtn" name="checkOutBTN" time="0.381"/>
  <testcase classname="com.SauceDemo.Base.VerifyCheckOutBtnCheckOutDataContinueBtnFinishBtnBackHomeBtn" name="checkOutData" time="0.883"/>
  <testcase classname="com.SauceDemo.Base.VerifyCheckOutBtnCheckOutDataContinueBtnFinishBtnBackHomeBtn" name="continueBTN" time="1.039"/>
  <testcase classname="com.SauceDemo.Base.VerifyCheckOutBtnCheckOutDataContinueBtnFinishBtnBackHomeBtn" name="finishBTN" time="1.008"/>
  <testcase classname="com.SauceDemo.Base.VerifyCheckOutBtnCheckOutDataContinueBtnFinishBtnBackHomeBtn" name="backHomeBTN" time="1.062"/>
  <testcase classname="com.SauceDemo.Base.VerifyProductSortContainerAndOptions" name="verifyProductSortContainer" time="0.492"/>
  <testcase classname="com.SauceDemo.Base.VerifyProductSortContainerOptiosList1" name="VerifyOptionNameAtoZList" time="0.507"/>
  <testcase classname="com.SauceDemo.Base.VerifyProductSortContainerOptiosList2" name="VerifyOptionNameZtoAList" time="0.502"/>
  <testcase classname="com.SauceDemo.Base.VerifyProductSortContainerOptiosList3" name="VerifyOptionNameLowToHighList" time="0.591"/>
  <testcase classname="com.SauceDemo.Base.VerifyProductSortContainerOptiosList4" name="VerifyOptionNameHighToLowList" time="0.534"/>
  <testcase classname="com.SauceDemo.Base.VerifyYourCartProducts" name="yourCartProductsAvailable" time="2.855"/>
</testsuite> <!-- ChromeBrouser -->
