<?xml version="1.0" encoding="UTF-8"?>
<!-- Generated by org.testng.reporters.JUnitXMLReporter -->
<testsuite ignored="0" hostname="DESKTOP-HO149AT" failures="0" tests="2" name="firefox" time="13.981" errors="0" timestamp="2023-03-07T13:37:48 IST">
  <testcase classname="com.SauceDemo.Base.VerifyLoginOfSDPositive" name="loginPositiveScenario" time="1.095"/>
  <testcase classname="com.SauceDemo.Base.VerifyLoginOfSDNegative" name="loginNegativeScenario" time="0.743"/>
</testsuite> <!-- firefox -->
